Build started 4/22/2016 7:21:39 PM.
     1>Project "Z:\CS172\HW6\EX06_04 Shuffle Vector\EX06_04 Shuffle Vector\EX06_04 Shuffle Vector.vcxproj" on node 2 (Build target(s)).
     1>ClCompile:
         C:\Program Files (x86)\Microsoft Visual Studio 14.0\VC\bin\CL.exe /c /ZI /nologo /W3 /WX- /Od /Oy- /D WIN32 /D _DEBUG /D _CONSOLE /D _UNICODE /D UNICODE /Gm /EHsc /RTC1 /MDd /GS /fp:precise /Zc:wchar_t /Zc:forScope /Zc:inline /Fo"Debug\\" /Fd"Debug\vc140.pdb" /Gd /TP /analyze- /errorReport:prompt ShuffleVector.cpp
         ShuffleVector.cpp
     1>z:\cs172\hw6\ex06_04 shuffle vector\ex06_04 shuffle vector\shufflevector.cpp(18): warning C4018: '<': signed/unsigned mismatch
     1>z:\cs172\hw6\ex06_04 shuffle vector\ex06_04 shuffle vector\shufflevector.cpp(27): warning C4018: '<': signed/unsigned mismatch
         z:\cs172\hw6\ex06_04 shuffle vector\ex06_04 shuffle vector\shufflevector.cpp(17): note: see reference to function template instantiation 'void shuffle<int>(std::vector<int,std::allocator<_Ty>> &)' being compiled
                 with
                 [
                     _Ty=int
                 ]
     1>z:\cs172\hw6\ex06_04 shuffle vector\ex06_04 shuffle vector\shufflevector.cpp(32): warning C4244: 'argument': conversion from 'time_t' to 'unsigned int', possible loss of data
     1>z:\cs172\hw6\ex06_04 shuffle vector\ex06_04 shuffle vector\shufflevector.cpp(33): warning C4018: '<': signed/unsigned mismatch
       Link:
         C:\Program Files (x86)\Microsoft Visual Studio 14.0\VC\bin\link.exe /ERRORREPORT:PROMPT /OUT:"Z:\CS172\HW6\EX06_04 Shuffle Vector\Debug\EX06_04 Shuffle Vector.exe" /INCREMENTAL /NOLOGO kernel32.lib user32.lib gdi32.lib winspool.lib comdlg32.lib advapi32.lib shell32.lib ole32.lib oleaut32.lib uuid.lib odbc32.lib odbccp32.lib /MANIFEST /MANIFESTUAC:"level='asInvoker' uiAccess='false'" /manifest:embed /Debug /PDB:"Z:\CS172\HW6\EX06_04 Shuffle Vector\Debug\EX06_04 Shuffle Vector.pdb" /SUBSYSTEM:CONSOLE /TLBID:1 /DYNAMICBASE /NXCOMPAT /IMPLIB:"Z:\CS172\HW6\EX06_04 Shuffle Vector\Debug\EX06_04 Shuffle Vector.lib" /MACHINE:X86 Debug\ShuffleVector.obj
         EX06_04 Shuffle Vector.vcxproj -> Z:\CS172\HW6\EX06_04 Shuffle Vector\Debug\EX06_04 Shuffle Vector.exe
     1>Done Building Project "Z:\CS172\HW6\EX06_04 Shuffle Vector\EX06_04 Shuffle Vector\EX06_04 Shuffle Vector.vcxproj" (Build target(s)).

Build succeeded.

Time Elapsed 00:00:01.84
